0 info it worked if it ends with ok
1 verbose cli [ '/home/vince/.asdf/installs/nodejs/7.5.0/bin/node',
1 verbose cli   '/home/vince/.asdf/installs/nodejs/7.5.0/bin/npm',
1 verbose cli   'start' ]
2 info using npm@4.1.2
3 info using node@v7.5.0
4 verbose run-script [ 'prestart', 'start', 'poststart' ]
5 info lifecycle angular2-webpack@1.0.0~prestart: angular2-webpack@1.0.0
6 warn lifecycle The node binary used for scripts is /home/vince/.asdf/shims/node but npm is using /home/vince/.asdf/installs/nodejs/7.5.0/bin/node itself. Use the `--scripts-prepend-node-path` option to include the path for the node binary npm was executed with.
7 silly lifecycle angular2-webpack@1.0.0~prestart: no script for prestart, continuing
8 info lifecycle angular2-webpack@1.0.0~start: angular2-webpack@1.0.0
9 verbose lifecycle angular2-webpack@1.0.0~start: unsafe-perm in lifecycle true
10 verbose lifecycle angular2-webpack@1.0.0~start: PATH: /home/vince/.asdf/installs/nodejs/7.5.0/lib/node_modules/npm/bin/node-gyp-bin:/home/vince/project/doctenaNotes/node_modules/.bin:/home/vince/.asdf/bin:/home/vince/.asdf/shims:/home/vince/bin:/home/vince/.local/bin:/home/vince/.asdf/bin:/home/vince/.asdf/shims:/home/vince/bin:/home/vince/.local/bin:/usr/local/sbin:/usr/local/bin:/usr/sbin:/usr/bin:/sbin:/bin:/usr/games:/usr/local/games:/snap/bin:/snap/bin:/usr/local/go/bin:/home/vince/code/go/bin:/usr/local/go/bin:/home/vince/code/go/bin
11 verbose lifecycle angular2-webpack@1.0.0~start: CWD: /home/vince/project/doctenaNotes
12 silly lifecycle angular2-webpack@1.0.0~start: Args: [ '-c', 'webpack-dev-server --inline --progress --port 8080' ]
13 silly lifecycle angular2-webpack@1.0.0~start: Returned: code: 255  signal: null
14 info lifecycle angular2-webpack@1.0.0~start: Failed to exec start script
15 verbose stack Error: angular2-webpack@1.0.0 start: `webpack-dev-server --inline --progress --port 8080`
15 verbose stack Exit status 255
15 verbose stack     at EventEmitter.<anonymous> (/home/vince/.asdf/installs/nodejs/7.5.0/lib/node_modules/npm/lib/utils/lifecycle.js:279:16)
15 verbose stack     at emitTwo (events.js:106:13)
15 verbose stack     at EventEmitter.emit (events.js:192:7)
15 verbose stack     at ChildProcess.<anonymous> (/home/vince/.asdf/installs/nodejs/7.5.0/lib/node_modules/npm/lib/utils/spawn.js:40:14)
15 verbose stack     at emitTwo (events.js:106:13)
15 verbose stack     at ChildProcess.emit (events.js:192:7)
15 verbose stack     at maybeClose (internal/child_process.js:890:16)
15 verbose stack     at Process.ChildProcess._handle.onexit (internal/child_process.js:226:5)
16 verbose pkgid angular2-webpack@1.0.0
17 verbose cwd /home/vince/project/doctenaNotes
18 error Linux 4.4.0-64-generic
19 error argv "/home/vince/.asdf/installs/nodejs/7.5.0/bin/node" "/home/vince/.asdf/installs/nodejs/7.5.0/bin/npm" "start"
20 error node v7.5.0
21 error npm  v4.1.2
22 error code ELIFECYCLE
23 error angular2-webpack@1.0.0 start: `webpack-dev-server --inline --progress --port 8080`
23 error Exit status 255
24 error Failed at the angular2-webpack@1.0.0 start script 'webpack-dev-server --inline --progress --port 8080'.
24 error Make sure you have the latest version of node.js and npm installed.
24 error If you do, this is most likely a problem with the angular2-webpack package,
24 error not with npm itself.
24 error Tell the author that this fails on your system:
24 error     webpack-dev-server --inline --progress --port 8080
24 error You can get information on how to open an issue for this project with:
24 error     npm bugs angular2-webpack
24 error Or if that isn't available, you can get their info via:
24 error     npm owner ls angular2-webpack
24 error There is likely additional logging output above.
25 verbose exit [ 1, true ]
